<?xml version="1.0" encoding="UTF-8"?>
<Site BuildName="(empty)"
	BuildStamp="20241031-0756-Experimental"
	Name="(empty)"
	Generator="ctest-3.22.1"
	CompilerName=""
	CompilerVersion=""
	OSName="Linux"
	Hostname="porphyriacus-ASUS-TUF-Gaming-A15-FA507NU-FA507NU"
	OSRelease="6.8.0-47-generic"
	OSVersion="#47~22.04.1-Ubuntu SMP PREEMPT_DYNAMIC Wed Oct  2 16:16:55 UTC 2"
	OSPlatform="x86_64"
	Is64Bits="1"
	VendorString="AuthenticAMD"
	VendorID="Advanced Micro Devices"
	FamilyID="25"
	ModelID="68"
	ProcessorCacheSize="512"
	NumberOfLogicalCPU="12"
	NumberOfPhysicalCPU="6"
	TotalVirtualMemory="1988"
	TotalPhysicalMemory="15228"
	LogicalProcessorsPerPhysical="2"
	ProcessorClockFrequency="2316.95"
	>
	<Testing>
		<StartDateTime>Oct 31 23:52 MSK</StartDateTime>
		<StartTestTime>1730407968</StartTestTime>
		<TestList/>
		<EndDateTime>Oct 31 23:52 MSK</EndDateTime>
		<EndTestTime>1730407968</EndTestTime>
		<ElapsedMinutes>0</ElapsedMinutes>
	</Testing>
</Site>
