<?xml version="1.0" encoding="UTF-8"?>
<Site BuildName="(empty)"
	BuildStamp="20241115-1845-Experimental"
	Name="(empty)"
	Generator="ctest-3.22.1"
	CompilerName=""
	CompilerVersion=""
	OSName="Linux"
	Hostname="porphyriacus-ASUS-TUF-Gaming-A15-FA507NU-FA507NU"
	OSRelease="6.8.0-47-generic"
	OSVersion="#47~22.04.1-Ubuntu SMP PREEMPT_DYNAMIC Wed Oct  2 16:16:55 UTC 2"
	OSPlatform="x86_64"
	Is64Bits="1"
	VendorString="AuthenticAMD"
	VendorID="Advanced Micro Devices"
	FamilyID="25"
	ModelID="68"
	ProcessorCacheSize="512"
	NumberOfLogicalCPU="12"
	NumberOfPhysicalCPU="6"
	TotalVirtualMemory="1988"
	TotalPhysicalMemory="15228"
	LogicalProcessorsPerPhysical="2"
	ProcessorClockFrequency="2898.03"
	>
	<Testing>
		<StartDateTime>Nov 15 21:45 MSK</StartDateTime>
		<StartTestTime>1731696305</StartTestTime>
		<TestList/>
		<EndDateTime>Nov 15 21:45 MSK</EndDateTime>
		<EndTestTime>1731696305</EndTestTime>
		<ElapsedMinutes>0</ElapsedMinutes>
	</Testing>
</Site>
