<?xml version="1.0" encoding="UTF-8"?>
<Site BuildName="(empty)"
	BuildStamp="20241125-1735-Experimental"
	Name="(empty)"
	Generator="ctest-3.22.1"
	CompilerName=""
	CompilerVersion=""
	OSName="Linux"
	Hostname="porphyriacus-ASUS-TUF-Gaming-A15-FA507NU-FA507NU"
	OSRelease="6.8.0-48-generic"
	OSVersion="#48~22.04.1-Ubuntu SMP PREEMPT_DYNAMIC Mon Oct  7 11:24:13 UTC 2"
	OSPlatform="x86_64"
	Is64Bits="1"
	VendorString="AuthenticAMD"
	VendorID="Advanced Micro Devices"
	FamilyID="25"
	ModelID="68"
	ProcessorCacheSize="512"
	NumberOfLogicalCPU="12"
	NumberOfPhysicalCPU="6"
	TotalVirtualMemory="1988"
	TotalPhysicalMemory="15228"
	LogicalProcessorsPerPhysical="2"
	ProcessorClockFrequency="2728.28"
	>
	<Testing>
		<StartDateTime>Nov 25 23:59 MSK</StartDateTime>
		<StartTestTime>1732568362</StartTestTime>
		<TestList/>
		<EndDateTime>Nov 25 23:59 MSK</EndDateTime>
		<EndTestTime>1732568362</EndTestTime>
		<ElapsedMinutes>0</ElapsedMinutes>
	</Testing>
</Site>
